<?xml version="1.0" encoding="UTF-8"?>
<!-- Generated by org.testng.reporters.JUnitXMLReporter -->
<testsuite ignored="1" hostname="HYD-5CG0262H0J" failures="0" tests="2" name="Car_loan" time="0.023" errors="0" timestamp="2023-11-04T15:35:53 IST">
  <testcase classname="day1.Module2" name="APILoginCarLoan" time="0.003"/>
  <testcase classname="day1.Module2" name="WebLoginCarLoan" time="0.003"/>
  <testcase classname="day1.Module2" name="MobileLoginCarLoan" time="0.0">
    <ignored/>
  </testcase> <!-- MobileLoginCarLoan -->
</testsuite> <!-- Car_loan -->
