<?xml version="1.0" encoding="UTF-8"?>
<testng-results ignored="0" total="1" passed="1" failed="0" skipped="0">
  <reporter-output>
  </reporter-output>
  <suite started-at="2023-11-04T11:42:44 IST" name="Default suite" finished-at="2023-11-04T11:42:44 IST" duration-ms="115">
    <groups>
    </groups>
    <test started-at="2023-11-04T11:42:44 IST" name="Default test" finished-at="2023-11-04T11:42:44 IST" duration-ms="115">
      <class name="com.practicetestng.Test1">
        <test-method signature="test1()[pri:0, instance:com.practicetestng.Test1@2805d709]" started-at="2023-11-04T11:42:44 IST" name="test1" finished-at="2023-11-04T11:42:44 IST" duration-ms="23" status="PASS">
          <reporter-output>
          </reporter-output>
        </test-method> <!-- test1 -->
      </class> <!-- com.practicetestng.Test1 -->
    </test> <!-- Default test -->
  </suite> <!-- Default suite -->
</testng-results>
