<?xml version="1.0" encoding="UTF-8"?>
<!-- Generated by org.testng.reporters.JUnitXMLReporter -->
<testsuite ignored="1" hostname="HYD-5CG0262H0J" failures="0" tests="2" name="Test" time="0.083" errors="0" timestamp="2023-11-04T12:03:48 IST">
  <testcase classname="day1.Module1" name="test2" time="0.012"/>
  <testcase classname="day1.Module2" name="test3" time="0.001"/>
  <testcase classname="day1.Module1" name="test1" time="0.0">
    <ignored/>
  </testcase> <!-- test1 -->
</testsuite> <!-- Test -->
