<?xml version="1.0" encoding="UTF-8"?>
<testng-results ignored="0" total="3" passed="3" failed="0" skipped="0">
  <reporter-output>
  </reporter-output>
  <suite started-at="2023-11-04T15:35:52 IST" name="loan_department" finished-at="2023-11-04T15:35:53 IST" duration-ms="953">
    <groups>
    </groups>
    <test started-at="2023-11-04T15:35:52 IST" name="Personal_loan" finished-at="2023-11-04T15:35:52 IST" duration-ms="281">
      <class name="day1.Module1">
        <test-method signature="test2()[pri:0, instance:day1.Module1@47987356]" started-at="2023-11-04T15:35:52 IST" name="test2" finished-at="2023-11-04T15:35:52 IST" duration-ms="56" status="PASS">
          <reporter-output>
          </reporter-output>
        </test-method> <!-- test2 -->
      </class> <!-- day1.Module1 -->
    </test> <!-- Personal_loan -->
    <test started-at="2023-11-04T15:35:53 IST" name="Car_loan" finished-at="2023-11-04T15:35:53 IST" duration-ms="23">
      <class name="day1.Module2">
        <test-method signature="APILoginCarLoan()[pri:0, instance:day1.Module2@4efac082]" started-at="2023-11-04T15:35:53 IST" name="APILoginCarLoan" finished-at="2023-11-04T15:35:53 IST" duration-ms="3" status="PASS">
          <reporter-output>
          </reporter-output>
        </test-method> <!-- APILoginCarLoan -->
        <test-method signature="WebLoginCarLoan()[pri:0, instance:day1.Module2@4efac082]" started-at="2023-11-04T15:35:53 IST" name="WebLoginCarLoan" finished-at="2023-11-04T15:35:53 IST" duration-ms="3" status="PASS">
          <reporter-output>
          </reporter-output>
        </test-method> <!-- WebLoginCarLoan -->
      </class> <!-- day1.Module2 -->
    </test> <!-- Car_loan -->
  </suite> <!-- loan_department -->
</testng-results>
